// 同步 ID: 109721d6 @ Mon Jun  1 06:02:08 UTC 2026
// 同步 ID: 6e55ade6 @ Tue Jun  2 06:01:51 UTC 2026
// 重构日志: bee7bc13
// 重构日志: 605a4a57
// 重构日志: b9514632
// 同步 ID: 4da0f85d @ Fri Jun  5 08:52:58 UTC 2026
// 重构日志: 04bbc0d6
// 重构日志: e75641ca
// 同步 ID: 74cb6ba2 @ Sun Jun  7 00:33:14 UTC 2026
// 重构日志: 1d7098a6
// 重构日志: 552996c2
// 重构日志: deb9ca99
// 同步 ID: 46a19a62 @ Wed Jun 10 04:49:14 UTC 2026
// 同步 ID: 7f30d0bd @ Wed Jun 10 13:06:47 UTC 2026
// 同步 ID: f146f31b @ Wed Jun 10 16:58:22 UTC 2026
// 重构日志: ebbc331d
// 同步 ID: d807534c @ Fri Jun 12 15:08:53 UTC 2026
// 重构日志: 366cb081
// 重构日志: 5446ba3a
// 重构日志: cfecaa95
// 重构日志: 64d8ae39
// 重构日志: e8de71fa
// 重构日志: c5c5d167
// 重构日志: 6cc65630
// 同步 ID: 01615adf @ Sun Jun 14 23:29:00 UTC 2026
// 重构日志: 09a93b8b
// 重构日志: cc5523b8
// 重构日志: a3ab74b6
// 同步 ID: 19ac18b4 @ Wed Jun 17 16:53:30 UTC 2026
// 同步 ID: 595476d6 @ Thu Jun 18 05:21:50 UTC 2026
